{
  "stats": {
    "suites": 1,
    "tests": 1,
    "passes": 0,
    "pending": 0,
    "failures": 1,
    "start": "2023-12-21T06:51:25.091Z",
    "end": "2023-12-21T06:51:25.589Z",
    "duration": 498,
    "testsRegistered": 1,
    "passPercent": 0,
    "pendingPercent": 0,
    "other": 0,
    "hasOther": false,
    "skipped": 0,
    "hasSkipped": false
  },
  "results": [
    {
      "uuid": "4c5b886c-b0f5-456d-85c8-f08bd7de1358",
      "title": "",
      "fullFile": "cypress\\integration\\examples\\Test5.js",
      "file": "cypress\\integration\\examples\\Test5.js",
      "beforeHooks": [],
      "afterHooks": [],
      "tests": [],
      "suites": [
        {
          "uuid": "65eaeb6c-dece-4836-88d2-c82e4a45c7ee",
          "title": "Handling Child Windows",
          "fullFile": "",
          "file": "",
          "beforeHooks": [],
          "afterHooks": [],
          "tests": [
            {
              "title": "Should handle child window",
              "fullTitle": "Handling Child Windows Should handle child window",
              "timedOut": null,
              "duration": 335,
              "state": "failed",
              "speed": null,
              "pass": false,
              "fail": true,
              "pending": false,
              "context": null,
              "code": "cy.visit(\"https://rahulshettyacademy.com/AutomationPractice/\");\nCypress.config('experimentalSessionAndOrigin', true);\n// Cypress.config().e2e.experimentalSessionAndOrigin = true\nCypress.e2e.experimentalSessionAndOrigin = true;\ncy.get(\"#opentab\").invoke('removeAttr', 'target').click();\ncy.session(\"https://www.qaclickacademy.com\", function () {\n  cy.get(\"#navbarSupportedContent a[href*='about']\").click();\n  cy.get(\".mt-50 h2\").should('contain', 'QAClick Academy');\n});",
              "err": {
                "message": "Error: CypressError: `Cypress.config()` can never override `experimentalSessionAndOrigin` because it is a read-only configuration option.",
                "estack": "Error: CypressError: `Cypress.config()` can never override `experimentalSessionAndOrigin` because it is a read-only configuration option.\n    at Context.eval (cypress/integration/examples/Test5.js:5:16)",
                "diff": null
              },
              "uuid": "b0de6607-5f87-4765-9a6e-986b6576e074",
              "parentUUID": "65eaeb6c-dece-4836-88d2-c82e4a45c7ee",
              "isHook": false,
              "skipped": false
            }
          ],
          "suites": [],
          "passes": [],
          "failures": [
            "b0de6607-5f87-4765-9a6e-986b6576e074"
          ],
          "pending": [],
          "skipped": [],
          "duration": 335,
          "root": false,
          "rootEmpty": false,
          "_timeout": 2000
        }
      ],
      "passes": [],
      "failures": [],
      "pending": [],
      "skipped": [],
      "duration": 0,
      "root": true,
      "rootEmpty": true,
      "_timeout": 2000
    }
  ],
  "meta": {
    "mocha": {
      "version": "7.0.1"
    },
    "mochawesome": {
      "options": {
        "quiet": false,
        "reportFilename": "mochawesome",
        "saveHtml": true,
        "saveJson": true,
        "consoleReporter": "spec",
        "useInlineDiffs": false,
        "code": true
      },
      "version": "7.1.3"
    },
    "marge": {
      "options": null,
      "version": "6.2.0"
    }
  }
}